<?xml version="1.0" encoding="UTF-8"?>
<testsuite xmlns:xsi="http://www.w3.org/2001/XMLSchema-instance" xsi:noNamespaceSchemaLocation="https://maven.apache.org/surefire/maven-surefire-plugin/xsd/surefire-test-report.xsd" name="com.jk.SpringcloudProviderFeignApplicationTests" time="14.444" tests="1" errors="0" skipped="0" failures="0">
  <properties>
    <property name="sun.desktop" value="windows"/>
    <property name="awt.toolkit" value="sun.awt.windows.WToolkit"/>
    <property name="file.encoding.pkg" value="sun.io"/>
    <property name="java.specification.version" value="1.8"/>
    <property name="sun.cpu.isalist" value="amd64"/>
    <property name="sun.jnu.encoding" value="GBK"/>
    <property name="java.class.path" value="E:\JetBrains\workspaces\springcloud-zhh-feign\springcloud-provider-feign\target\test-classes;E:\JetBrains\workspaces\springcloud-zhh-feign\springcloud-provider-feign\target\classes;E:\maven\repo\org\springframework\boot\spring-boot-starter-web\2.2.0.RELEASE\spring-boot-starter-web-2.2.0.RELEASE.jar;E:\maven\repo\org\springframework\boot\spring-boot-starter\2.2.0.RELEASE\spring-boot-starter-2.2.0.RELEASE.jar;E:\maven\repo\org\springframework\boot\spring-boot\2.2.0.RELEASE\spring-boot-2.2.0.RELEASE.jar;E:\maven\repo\org\springframework\boot\spring-boot-autoconfigure\2.2.0.RELEASE\spring-boot-autoconfigure-2.2.0.RELEASE.jar;E:\maven\repo\org\springframework\boot\spring-boot-starter-logging\2.2.0.RELEASE\spring-boot-starter-logging-2.2.0.RELEASE.jar;E:\maven\repo\ch\qos\logback\logback-classic\1.2.3\logback-classic-1.2.3.jar;E:\maven\repo\ch\qos\logback\logback-core\1.2.3\logback-core-1.2.3.jar;E:\maven\repo\org\apache\logging\log4j\log4j-to-slf4j\2.12.1\log4j-to-slf4j-2.12.1.jar;E:\maven\repo\org\apache\logging\log4j\log4j-api\2.12.1\log4j-api-2.12.1.jar;E:\maven\repo\org\slf4j\jul-to-slf4j\1.7.28\jul-to-slf4j-1.7.28.jar;E:\maven\repo\jakarta\annotation\jakarta.annotation-api\1.3.5\jakarta.annotation-api-1.3.5.jar;E:\maven\repo\org\yaml\snakeyaml\1.25\snakeyaml-1.25.jar;E:\maven\repo\org\springframework\boot\spring-boot-starter-json\2.2.0.RELEASE\spring-boot-starter-json-2.2.0.RELEASE.jar;E:\maven\repo\com\fasterxml\jackson\core\jackson-databind\2.10.0\jackson-databind-2.10.0.jar;E:\maven\repo\com\fasterxml\jackson\datatype\jackson-datatype-jdk8\2.10.0\jackson-datatype-jdk8-2.10.0.jar;E:\maven\repo\com\fasterxml\jackson\datatype\jackson-datatype-jsr310\2.10.0\jackson-datatype-jsr310-2.10.0.jar;E:\maven\repo\com\fasterxml\jackson\module\jackson-module-parameter-names\2.10.0\jackson-module-parameter-names-2.10.0.jar;E:\maven\repo\org\springframework\boot\spring-boot-starter-tomcat\2.2.0.RELEASE\spring-boot-starter-tomcat-2.2.0.RELEASE.jar;E:\maven\repo\org\apache\tomcat\embed\tomcat-embed-core\9.0.27\tomcat-embed-core-9.0.27.jar;E:\maven\repo\org\apache\tomcat\embed\tomcat-embed-el\9.0.27\tomcat-embed-el-9.0.27.jar;E:\maven\repo\org\apache\tomcat\embed\tomcat-embed-websocket\9.0.27\tomcat-embed-websocket-9.0.27.jar;E:\maven\repo\org\springframework\boot\spring-boot-starter-validation\2.2.0.RELEASE\spring-boot-starter-validation-2.2.0.RELEASE.jar;E:\maven\repo\jakarta\validation\jakarta.validation-api\2.0.1\jakarta.validation-api-2.0.1.jar;E:\maven\repo\org\hibernate\validator\hibernate-validator\6.0.17.Final\hibernate-validator-6.0.17.Final.jar;E:\maven\repo\org\jboss\logging\jboss-logging\3.4.1.Final\jboss-logging-3.4.1.Final.jar;E:\maven\repo\com\fasterxml\classmate\1.5.0\classmate-1.5.0.jar;E:\maven\repo\org\springframework\spring-web\5.2.0.RELEASE\spring-web-5.2.0.RELEASE.jar;E:\maven\repo\org\springframework\spring-beans\5.2.0.RELEASE\spring-beans-5.2.0.RELEASE.jar;E:\maven\repo\org\springframework\spring-webmvc\5.2.0.RELEASE\spring-webmvc-5.2.0.RELEASE.jar;E:\maven\repo\org\springframework\spring-aop\5.2.0.RELEASE\spring-aop-5.2.0.RELEASE.jar;E:\maven\repo\org\springframework\spring-context\5.2.0.RELEASE\spring-context-5.2.0.RELEASE.jar;E:\maven\repo\org\springframework\spring-expression\5.2.0.RELEASE\spring-expression-5.2.0.RELEASE.jar;E:\maven\repo\org\mybatis\spring\boot\mybatis-spring-boot-starter\2.1.1\mybatis-spring-boot-starter-2.1.1.jar;E:\maven\repo\org\springframework\boot\spring-boot-starter-jdbc\2.2.0.RELEASE\spring-boot-starter-jdbc-2.2.0.RELEASE.jar;E:\maven\repo\com\zaxxer\HikariCP\3.4.1\HikariCP-3.4.1.jar;E:\maven\repo\org\springframework\spring-jdbc\5.2.0.RELEASE\spring-jdbc-5.2.0.RELEASE.jar;E:\maven\repo\org\springframework\spring-tx\5.2.0.RELEASE\spring-tx-5.2.0.RELEASE.jar;E:\maven\repo\org\mybatis\spring\boot\mybatis-spring-boot-autoconfigure\2.1.1\mybatis-spring-boot-autoconfigure-2.1.1.jar;E:\maven\repo\org\mybatis\mybatis\3.5.3\mybatis-3.5.3.jar;E:\maven\repo\org\mybatis\mybatis-spring\2.0.3\mybatis-spring-2.0.3.jar;E:\maven\repo\org\springframework\cloud\spring-cloud-starter-netflix-eureka-client\2.2.0.RC1\spring-cloud-starter-netflix-eureka-client-2.2.0.RC1.jar;E:\maven\repo\org\springframework\cloud\spring-cloud-starter\2.2.0.RC1\spring-cloud-starter-2.2.0.RC1.jar;E:\maven\repo\org\springframework\cloud\spring-cloud-context\2.2.0.RC1\spring-cloud-context-2.2.0.RC1.jar;E:\maven\repo\org\springframework\security\spring-security-crypto\5.2.0.RELEASE\spring-security-crypto-5.2.0.RELEASE.jar;E:\maven\repo\org\springframework\cloud\spring-cloud-commons\2.2.0.RC1\spring-cloud-commons-2.2.0.RC1.jar;E:\maven\repo\org\springframework\security\spring-security-rsa\1.0.7.RELEASE\spring-security-rsa-1.0.7.RELEASE.jar;E:\maven\repo\org\bouncycastle\bcpkix-jdk15on\1.60\bcpkix-jdk15on-1.60.jar;E:\maven\repo\org\bouncycastle\bcprov-jdk15on\1.60\bcprov-jdk15on-1.60.jar;E:\maven\repo\org\springframework\cloud\spring-cloud-netflix-hystrix\2.2.0.RC1\spring-cloud-netflix-hystrix-2.2.0.RC1.jar;E:\maven\repo\org\springframework\boot\spring-boot-starter-aop\2.2.0.RELEASE\spring-boot-starter-aop-2.2.0.RELEASE.jar;E:\maven\repo\org\aspectj\aspectjweaver\1.9.4\aspectjweaver-1.9.4.jar;E:\maven\repo\org\springframework\cloud\spring-cloud-netflix-eureka-client\2.2.0.RC1\spring-cloud-netflix-eureka-client-2.2.0.RC1.jar;E:\maven\repo\com\netflix\eureka\eureka-client\1.9.13\eureka-client-1.9.13.jar;E:\maven\repo\org\codehaus\jettison\jettison\1.3.7\jettison-1.3.7.jar;E:\maven\repo\stax\stax-api\1.0.1\stax-api-1.0.1.jar;E:\maven\repo\com\netflix\netflix-commons\netflix-eventbus\0.3.0\netflix-eventbus-0.3.0.jar;E:\maven\repo\com\netflix\netflix-commons\netflix-infix\0.3.0\netflix-infix-0.3.0.jar;E:\maven\repo\commons-jxpath\commons-jxpath\1.3\commons-jxpath-1.3.jar;E:\maven\repo\joda-time\joda-time\2.10.4\joda-time-2.10.4.jar;E:\maven\repo\org\antlr\antlr-runtime\3.4\antlr-runtime-3.4.jar;E:\maven\repo\org\antlr\stringtemplate\3.2.1\stringtemplate-3.2.1.jar;E:\maven\repo\antlr\antlr\2.7.7\antlr-2.7.7.jar;E:\maven\repo\com\google\code\gson\gson\2.8.6\gson-2.8.6.jar;E:\maven\repo\org\apache\commons\commons-math\2.2\commons-math-2.2.jar;E:\maven\repo\com\netflix\archaius\archaius-core\0.7.6\archaius-core-0.7.6.jar;E:\maven\repo\com\google\guava\guava\16.0\guava-16.0.jar;E:\maven\repo\javax\ws\rs\jsr311-api\1.1.1\jsr311-api-1.1.1.jar;E:\maven\repo\com\netflix\servo\servo-core\0.12.21\servo-core-0.12.21.jar;E:\maven\repo\com\sun\jersey\jersey-core\1.19.1\jersey-core-1.19.1.jar;E:\maven\repo\com\sun\jersey\jersey-client\1.19.1\jersey-client-1.19.1.jar;E:\maven\repo\com\sun\jersey\contribs\jersey-apache-client4\1.19.1\jersey-apache-client4-1.19.1.jar;E:\maven\repo\org\apache\httpcomponents\httpclient\4.5.10\httpclient-4.5.10.jar;E:\maven\repo\org\apache\httpcomponents\httpcore\4.4.12\httpcore-4.4.12.jar;E:\maven\repo\commons-codec\commons-codec\1.13\commons-codec-1.13.jar;E:\maven\repo\com\google\inject\guice\4.1.0\guice-4.1.0.jar;E:\maven\repo\javax\inject\javax.inject\1\javax.inject-1.jar;E:\maven\repo\aopalliance\aopalliance\1.0\aopalliance-1.0.jar;E:\maven\repo\com\fasterxml\jackson\core\jackson-annotations\2.10.0\jackson-annotations-2.10.0.jar;E:\maven\repo\com\fasterxml\jackson\core\jackson-core\2.10.0\jackson-core-2.10.0.jar;E:\maven\repo\com\netflix\eureka\eureka-core\1.9.13\eureka-core-1.9.13.jar;E:\maven\repo\com\fasterxml\woodstox\woodstox-core\5.2.1\woodstox-core-5.2.1.jar;E:\maven\repo\org\codehaus\woodstox\stax2-api\4.2\stax2-api-4.2.jar;E:\maven\repo\org\springframework\cloud\spring-cloud-starter-netflix-archaius\2.2.0.RC1\spring-cloud-starter-netflix-archaius-2.2.0.RC1.jar;E:\maven\repo\org\springframework\cloud\spring-cloud-netflix-ribbon\2.2.0.RC1\spring-cloud-netflix-ribbon-2.2.0.RC1.jar;E:\maven\repo\org\springframework\cloud\spring-cloud-netflix-archaius\2.2.0.RC1\spring-cloud-netflix-archaius-2.2.0.RC1.jar;E:\maven\repo\commons-configuration\commons-configuration\1.8\commons-configuration-1.8.jar;E:\maven\repo\commons-lang\commons-lang\2.6\commons-lang-2.6.jar;E:\maven\repo\org\springframework\cloud\spring-cloud-starter-netflix-ribbon\2.2.0.RC1\spring-cloud-starter-netflix-ribbon-2.2.0.RC1.jar;E:\maven\repo\com\netflix\ribbon\ribbon\2.3.0\ribbon-2.3.0.jar;E:\maven\repo\com\netflix\ribbon\ribbon-transport\2.3.0\ribbon-transport-2.3.0.jar;E:\maven\repo\io\reactivex\rxnetty-contexts\0.4.9\rxnetty-contexts-0.4.9.jar;E:\maven\repo\io\reactivex\rxnetty-servo\0.4.9\rxnetty-servo-0.4.9.jar;E:\maven\repo\com\netflix\hystrix\hystrix-core\1.5.18\hystrix-core-1.5.18.jar;E:\maven\repo\org\hdrhistogram\HdrHistogram\2.1.9\HdrHistogram-2.1.9.jar;E:\maven\repo\io\reactivex\rxnetty\0.4.9\rxnetty-0.4.9.jar;E:\maven\repo\com\netflix\ribbon\ribbon-core\2.3.0\ribbon-core-2.3.0.jar;E:\maven\repo\com\netflix\ribbon\ribbon-httpclient\2.3.0\ribbon-httpclient-2.3.0.jar;E:\maven\repo\commons-collections\commons-collections\3.2.2\commons-collections-3.2.2.jar;E:\maven\repo\com\netflix\netflix-commons\netflix-commons-util\0.3.0\netflix-commons-util-0.3.0.jar;E:\maven\repo\com\netflix\ribbon\ribbon-loadbalancer\2.3.0\ribbon-loadbalancer-2.3.0.jar;E:\maven\repo\com\netflix\netflix-commons\netflix-statistics\0.1.1\netflix-statistics-0.1.1.jar;E:\maven\repo\io\reactivex\rxjava\1.3.8\rxjava-1.3.8.jar;E:\maven\repo\org\springframework\cloud\spring-cloud-starter-loadbalancer\2.2.0.RC1\spring-cloud-starter-loadbalancer-2.2.0.RC1.jar;E:\maven\repo\org\springframework\cloud\spring-cloud-loadbalancer\2.2.0.RC1\spring-cloud-loadbalancer-2.2.0.RC1.jar;E:\maven\repo\io\projectreactor\reactor-core\3.3.0.RELEASE\reactor-core-3.3.0.RELEASE.jar;E:\maven\repo\org\reactivestreams\reactive-streams\1.0.3\reactive-streams-1.0.3.jar;E:\maven\repo\io\projectreactor\addons\reactor-extra\3.3.0.RELEASE\reactor-extra-3.3.0.RELEASE.jar;E:\maven\repo\org\springframework\boot\spring-boot-starter-cache\2.2.0.RELEASE\spring-boot-starter-cache-2.2.0.RELEASE.jar;E:\maven\repo\org\springframework\spring-context-support\5.2.0.RELEASE\spring-context-support-5.2.0.RELEASE.jar;E:\maven\repo\com\netflix\ribbon\ribbon-eureka\2.3.0\ribbon-eureka-2.3.0.jar;E:\maven\repo\org\slf4j\slf4j-api\1.7.28\slf4j-api-1.7.28.jar;E:\maven\repo\com\thoughtworks\xstream\xstream\1.4.11.1\xstream-1.4.11.1.jar;E:\maven\repo\xmlpull\xmlpull\1.1.3.1\xmlpull-1.1.3.1.jar;E:\maven\repo\xpp3\xpp3_min\1.1.4c\xpp3_min-1.1.4c.jar;E:\maven\repo\mysql\mysql-connector-java\8.0.18\mysql-connector-java-8.0.18.jar;E:\maven\repo\org\springframework\boot\spring-boot-starter-test\2.2.0.RELEASE\spring-boot-starter-test-2.2.0.RELEASE.jar;E:\maven\repo\org\springframework\boot\spring-boot-test\2.2.0.RELEASE\spring-boot-test-2.2.0.RELEASE.jar;E:\maven\repo\org\springframework\boot\spring-boot-test-autoconfigure\2.2.0.RELEASE\spring-boot-test-autoconfigure-2.2.0.RELEASE.jar;E:\maven\repo\com\jayway\jsonpath\json-path\2.4.0\json-path-2.4.0.jar;E:\maven\repo\net\minidev\json-smart\2.3\json-smart-2.3.jar;E:\maven\repo\net\minidev\accessors-smart\1.2\accessors-smart-1.2.jar;E:\maven\repo\org\ow2\asm\asm\5.0.4\asm-5.0.4.jar;E:\maven\repo\jakarta\xml\bind\jakarta.xml.bind-api\2.3.2\jakarta.xml.bind-api-2.3.2.jar;E:\maven\repo\jakarta\activation\jakarta.activation-api\1.2.1\jakarta.activation-api-1.2.1.jar;E:\maven\repo\org\junit\jupiter\junit-jupiter\5.5.2\junit-jupiter-5.5.2.jar;E:\maven\repo\org\junit\jupiter\junit-jupiter-api\5.5.2\junit-jupiter-api-5.5.2.jar;E:\maven\repo\org\apiguardian\apiguardian-api\1.1.0\apiguardian-api-1.1.0.jar;E:\maven\repo\org\opentest4j\opentest4j\1.2.0\opentest4j-1.2.0.jar;E:\maven\repo\org\junit\platform\junit-platform-commons\1.5.2\junit-platform-commons-1.5.2.jar;E:\maven\repo\org\junit\jupiter\junit-jupiter-params\5.5.2\junit-jupiter-params-5.5.2.jar;E:\maven\repo\org\junit\jupiter\junit-jupiter-engine\5.5.2\junit-jupiter-engine-5.5.2.jar;E:\maven\repo\org\junit\platform\junit-platform-engine\1.5.2\junit-platform-engine-1.5.2.jar;E:\maven\repo\org\mockito\mockito-junit-jupiter\3.1.0\mockito-junit-jupiter-3.1.0.jar;E:\maven\repo\org\assertj\assertj-core\3.13.2\assertj-core-3.13.2.jar;E:\maven\repo\org\hamcrest\hamcrest\2.1\hamcrest-2.1.jar;E:\maven\repo\org\mockito\mockito-core\3.1.0\mockito-core-3.1.0.jar;E:\maven\repo\net\bytebuddy\byte-buddy\1.10.1\byte-buddy-1.10.1.jar;E:\maven\repo\net\bytebuddy\byte-buddy-agent\1.10.1\byte-buddy-agent-1.10.1.jar;E:\maven\repo\org\objenesis\objenesis\2.6\objenesis-2.6.jar;E:\maven\repo\org\skyscreamer\jsonassert\1.5.0\jsonassert-1.5.0.jar;E:\maven\repo\com\vaadin\external\google\android-json\0.0.20131108.vaadin1\android-json-0.0.20131108.vaadin1.jar;E:\maven\repo\org\springframework\spring-core\5.2.0.RELEASE\spring-core-5.2.0.RELEASE.jar;E:\maven\repo\org\springframework\spring-jcl\5.2.0.RELEASE\spring-jcl-5.2.0.RELEASE.jar;E:\maven\repo\org\springframework\spring-test\5.2.0.RELEASE\spring-test-5.2.0.RELEASE.jar;E:\maven\repo\org\xmlunit\xmlunit-core\2.6.3\xmlunit-core-2.6.3.jar;E:\JetBrains\workspaces\springcloud-zhh-feign\springcloud-service\target\springcloud-service-1.0-SNAPSHOT.jar;E:\JetBrains\workspaces\springcloud-zhh-feign\springcloud-common\target\springcloud-common-1.0-SNAPSHOT.jar;E:\maven\repo\org\projectlombok\lombok\1.18.10\lombok-1.18.10.jar;E:\maven\repo\org\springframework\cloud\spring-cloud-starter-openfeign\2.2.0.RC1\spring-cloud-starter-openfeign-2.2.0.RC1.jar;E:\maven\repo\org\springframework\cloud\spring-cloud-openfeign-core\2.2.0.RC1\spring-cloud-openfeign-core-2.2.0.RC1.jar;E:\maven\repo\io\github\openfeign\form\feign-form-spring\3.8.0\feign-form-spring-3.8.0.jar;E:\maven\repo\io\github\openfeign\form\feign-form\3.8.0\feign-form-3.8.0.jar;E:\maven\repo\commons-fileupload\commons-fileupload\1.4\commons-fileupload-1.4.jar;E:\maven\repo\commons-io\commons-io\2.2\commons-io-2.2.jar;E:\maven\repo\io\github\openfeign\feign-core\10.4.0\feign-core-10.4.0.jar;E:\maven\repo\io\github\openfeign\feign-slf4j\10.4.0\feign-slf4j-10.4.0.jar;E:\maven\repo\io\github\openfeign\feign-hystrix\10.4.0\feign-hystrix-10.4.0.jar;"/>
    <property name="java.vm.vendor" value="Oracle Corporation"/>
    <property name="sun.arch.data.model" value="64"/>
    <property name="user.variant" value=""/>
    <property name="java.vendor.url" value="http://java.oracle.com/"/>
    <property name="user.timezone" value="Asia/Shanghai"/>
    <property name="java.vm.specification.version" value="1.8"/>
    <property name="os.name" value="Windows 10"/>
    <property name="user.country" value="CN"/>
    <property name="sun.java.launcher" value="SUN_STANDARD"/>
    <property name="sun.boot.library.path" value="E:\Java\jdk1.8.0_191\jre\bin"/>
    <property name="sun.java.command" value="C:\Users\Hasee\AppData\Local\Temp\surefire3560398328570799877\surefirebooter773707851089020274.jar C:\Users\Hasee\AppData\Local\Temp\surefire3560398328570799877 2019-11-12T21-22-26_418-jvmRun1 surefire4815158365160167494tmp surefire_01169874667758787907tmp"/>
    <property name="surefire.test.class.path" value="E:\JetBrains\workspaces\springcloud-zhh-feign\springcloud-provider-feign\target\test-classes;E:\JetBrains\workspaces\springcloud-zhh-feign\springcloud-provider-feign\target\classes;E:\maven\repo\org\springframework\boot\spring-boot-starter-web\2.2.0.RELEASE\spring-boot-starter-web-2.2.0.RELEASE.jar;E:\maven\repo\org\springframework\boot\spring-boot-starter\2.2.0.RELEASE\spring-boot-starter-2.2.0.RELEASE.jar;E:\maven\repo\org\springframework\boot\spring-boot\2.2.0.RELEASE\spring-boot-2.2.0.RELEASE.jar;E:\maven\repo\org\springframework\boot\spring-boot-autoconfigure\2.2.0.RELEASE\spring-boot-autoconfigure-2.2.0.RELEASE.jar;E:\maven\repo\org\springframework\boot\spring-boot-starter-logging\2.2.0.RELEASE\spring-boot-starter-logging-2.2.0.RELEASE.jar;E:\maven\repo\ch\qos\logback\logback-classic\1.2.3\logback-classic-1.2.3.jar;E:\maven\repo\ch\qos\logback\logback-core\1.2.3\logback-core-1.2.3.jar;E:\maven\repo\org\apache\logging\log4j\log4j-to-slf4j\2.12.1\log4j-to-slf4j-2.12.1.jar;E:\maven\repo\org\apache\logging\log4j\log4j-api\2.12.1\log4j-api-2.12.1.jar;E:\maven\repo\org\slf4j\jul-to-slf4j\1.7.28\jul-to-slf4j-1.7.28.jar;E:\maven\repo\jakarta\annotation\jakarta.annotation-api\1.3.5\jakarta.annotation-api-1.3.5.jar;E:\maven\repo\org\yaml\snakeyaml\1.25\snakeyaml-1.25.jar;E:\maven\repo\org\springframework\boot\spring-boot-starter-json\2.2.0.RELEASE\spring-boot-starter-json-2.2.0.RELEASE.jar;E:\maven\repo\com\fasterxml\jackson\core\jackson-databind\2.10.0\jackson-databind-2.10.0.jar;E:\maven\repo\com\fasterxml\jackson\datatype\jackson-datatype-jdk8\2.10.0\jackson-datatype-jdk8-2.10.0.jar;E:\maven\repo\com\fasterxml\jackson\datatype\jackson-datatype-jsr310\2.10.0\jackson-datatype-jsr310-2.10.0.jar;E:\maven\repo\com\fasterxml\jackson\module\jackson-module-parameter-names\2.10.0\jackson-module-parameter-names-2.10.0.jar;E:\maven\repo\org\springframework\boot\spring-boot-starter-tomcat\2.2.0.RELEASE\spring-boot-starter-tomcat-2.2.0.RELEASE.jar;E:\maven\repo\org\apache\tomcat\embed\tomcat-embed-core\9.0.27\tomcat-embed-core-9.0.27.jar;E:\maven\repo\org\apache\tomcat\embed\tomcat-embed-el\9.0.27\tomcat-embed-el-9.0.27.jar;E:\maven\repo\org\apache\tomcat\embed\tomcat-embed-websocket\9.0.27\tomcat-embed-websocket-9.0.27.jar;E:\maven\repo\org\springframework\boot\spring-boot-starter-validation\2.2.0.RELEASE\spring-boot-starter-validation-2.2.0.RELEASE.jar;E:\maven\repo\jakarta\validation\jakarta.validation-api\2.0.1\jakarta.validation-api-2.0.1.jar;E:\maven\repo\org\hibernate\validator\hibernate-validator\6.0.17.Final\hibernate-validator-6.0.17.Final.jar;E:\maven\repo\org\jboss\logging\jboss-logging\3.4.1.Final\jboss-logging-3.4.1.Final.jar;E:\maven\repo\com\fasterxml\classmate\1.5.0\classmate-1.5.0.jar;E:\maven\repo\org\springframework\spring-web\5.2.0.RELEASE\spring-web-5.2.0.RELEASE.jar;E:\maven\repo\org\springframework\spring-beans\5.2.0.RELEASE\spring-beans-5.2.0.RELEASE.jar;E:\maven\repo\org\springframework\spring-webmvc\5.2.0.RELEASE\spring-webmvc-5.2.0.RELEASE.jar;E:\maven\repo\org\springframework\spring-aop\5.2.0.RELEASE\spring-aop-5.2.0.RELEASE.jar;E:\maven\repo\org\springframework\spring-context\5.2.0.RELEASE\spring-context-5.2.0.RELEASE.jar;E:\maven\repo\org\springframework\spring-expression\5.2.0.RELEASE\spring-expression-5.2.0.RELEASE.jar;E:\maven\repo\org\mybatis\spring\boot\mybatis-spring-boot-starter\2.1.1\mybatis-spring-boot-starter-2.1.1.jar;E:\maven\repo\org\springframework\boot\spring-boot-starter-jdbc\2.2.0.RELEASE\spring-boot-starter-jdbc-2.2.0.RELEASE.jar;E:\maven\repo\com\zaxxer\HikariCP\3.4.1\HikariCP-3.4.1.jar;E:\maven\repo\org\springframework\spring-jdbc\5.2.0.RELEASE\spring-jdbc-5.2.0.RELEASE.jar;E:\maven\repo\org\springframework\spring-tx\5.2.0.RELEASE\spring-tx-5.2.0.RELEASE.jar;E:\maven\repo\org\mybatis\spring\boot\mybatis-spring-boot-autoconfigure\2.1.1\mybatis-spring-boot-autoconfigure-2.1.1.jar;E:\maven\repo\org\mybatis\mybatis\3.5.3\mybatis-3.5.3.jar;E:\maven\repo\org\mybatis\mybatis-spring\2.0.3\mybatis-spring-2.0.3.jar;E:\maven\repo\org\springframework\cloud\spring-cloud-starter-netflix-eureka-client\2.2.0.RC1\spring-cloud-starter-netflix-eureka-client-2.2.0.RC1.jar;E:\maven\repo\org\springframework\cloud\spring-cloud-starter\2.2.0.RC1\spring-cloud-starter-2.2.0.RC1.jar;E:\maven\repo\org\springframework\cloud\spring-cloud-context\2.2.0.RC1\spring-cloud-context-2.2.0.RC1.jar;E:\maven\repo\org\springframework\security\spring-security-crypto\5.2.0.RELEASE\spring-security-crypto-5.2.0.RELEASE.jar;E:\maven\repo\org\springframework\cloud\spring-cloud-commons\2.2.0.RC1\spring-cloud-commons-2.2.0.RC1.jar;E:\maven\repo\org\springframework\security\spring-security-rsa\1.0.7.RELEASE\spring-security-rsa-1.0.7.RELEASE.jar;E:\maven\repo\org\bouncycastle\bcpkix-jdk15on\1.60\bcpkix-jdk15on-1.60.jar;E:\maven\repo\org\bouncycastle\bcprov-jdk15on\1.60\bcprov-jdk15on-1.60.jar;E:\maven\repo\org\springframework\cloud\spring-cloud-netflix-hystrix\2.2.0.RC1\spring-cloud-netflix-hystrix-2.2.0.RC1.jar;E:\maven\repo\org\springframework\boot\spring-boot-starter-aop\2.2.0.RELEASE\spring-boot-starter-aop-2.2.0.RELEASE.jar;E:\maven\repo\org\aspectj\aspectjweaver\1.9.4\aspectjweaver-1.9.4.jar;E:\maven\repo\org\springframework\cloud\spring-cloud-netflix-eureka-client\2.2.0.RC1\spring-cloud-netflix-eureka-client-2.2.0.RC1.jar;E:\maven\repo\com\netflix\eureka\eureka-client\1.9.13\eureka-client-1.9.13.jar;E:\maven\repo\org\codehaus\jettison\jettison\1.3.7\jettison-1.3.7.jar;E:\maven\repo\stax\stax-api\1.0.1\stax-api-1.0.1.jar;E:\maven\repo\com\netflix\netflix-commons\netflix-eventbus\0.3.0\netflix-eventbus-0.3.0.jar;E:\maven\repo\com\netflix\netflix-commons\netflix-infix\0.3.0\netflix-infix-0.3.0.jar;E:\maven\repo\commons-jxpath\commons-jxpath\1.3\commons-jxpath-1.3.jar;E:\maven\repo\joda-time\joda-time\2.10.4\joda-time-2.10.4.jar;E:\maven\repo\org\antlr\antlr-runtime\3.4\antlr-runtime-3.4.jar;E:\maven\repo\org\antlr\stringtemplate\3.2.1\stringtemplate-3.2.1.jar;E:\maven\repo\antlr\antlr\2.7.7\antlr-2.7.7.jar;E:\maven\repo\com\google\code\gson\gson\2.8.6\gson-2.8.6.jar;E:\maven\repo\org\apache\commons\commons-math\2.2\commons-math-2.2.jar;E:\maven\repo\com\netflix\archaius\archaius-core\0.7.6\archaius-core-0.7.6.jar;E:\maven\repo\com\google\guava\guava\16.0\guava-16.0.jar;E:\maven\repo\javax\ws\rs\jsr311-api\1.1.1\jsr311-api-1.1.1.jar;E:\maven\repo\com\netflix\servo\servo-core\0.12.21\servo-core-0.12.21.jar;E:\maven\repo\com\sun\jersey\jersey-core\1.19.1\jersey-core-1.19.1.jar;E:\maven\repo\com\sun\jersey\jersey-client\1.19.1\jersey-client-1.19.1.jar;E:\maven\repo\com\sun\jersey\contribs\jersey-apache-client4\1.19.1\jersey-apache-client4-1.19.1.jar;E:\maven\repo\org\apache\httpcomponents\httpclient\4.5.10\httpclient-4.5.10.jar;E:\maven\repo\org\apache\httpcomponents\httpcore\4.4.12\httpcore-4.4.12.jar;E:\maven\repo\commons-codec\commons-codec\1.13\commons-codec-1.13.jar;E:\maven\repo\com\google\inject\guice\4.1.0\guice-4.1.0.jar;E:\maven\repo\javax\inject\javax.inject\1\javax.inject-1.jar;E:\maven\repo\aopalliance\aopalliance\1.0\aopalliance-1.0.jar;E:\maven\repo\com\fasterxml\jackson\core\jackson-annotations\2.10.0\jackson-annotations-2.10.0.jar;E:\maven\repo\com\fasterxml\jackson\core\jackson-core\2.10.0\jackson-core-2.10.0.jar;E:\maven\repo\com\netflix\eureka\eureka-core\1.9.13\eureka-core-1.9.13.jar;E:\maven\repo\com\fasterxml\woodstox\woodstox-core\5.2.1\woodstox-core-5.2.1.jar;E:\maven\repo\org\codehaus\woodstox\stax2-api\4.2\stax2-api-4.2.jar;E:\maven\repo\org\springframework\cloud\spring-cloud-starter-netflix-archaius\2.2.0.RC1\spring-cloud-starter-netflix-archaius-2.2.0.RC1.jar;E:\maven\repo\org\springframework\cloud\spring-cloud-netflix-ribbon\2.2.0.RC1\spring-cloud-netflix-ribbon-2.2.0.RC1.jar;E:\maven\repo\org\springframework\cloud\spring-cloud-netflix-archaius\2.2.0.RC1\spring-cloud-netflix-archaius-2.2.0.RC1.jar;E:\maven\repo\commons-configuration\commons-configuration\1.8\commons-configuration-1.8.jar;E:\maven\repo\commons-lang\commons-lang\2.6\commons-lang-2.6.jar;E:\maven\repo\org\springframework\cloud\spring-cloud-starter-netflix-ribbon\2.2.0.RC1\spring-cloud-starter-netflix-ribbon-2.2.0.RC1.jar;E:\maven\repo\com\netflix\ribbon\ribbon\2.3.0\ribbon-2.3.0.jar;E:\maven\repo\com\netflix\ribbon\ribbon-transport\2.3.0\ribbon-transport-2.3.0.jar;E:\maven\repo\io\reactivex\rxnetty-contexts\0.4.9\rxnetty-contexts-0.4.9.jar;E:\maven\repo\io\reactivex\rxnetty-servo\0.4.9\rxnetty-servo-0.4.9.jar;E:\maven\repo\com\netflix\hystrix\hystrix-core\1.5.18\hystrix-core-1.5.18.jar;E:\maven\repo\org\hdrhistogram\HdrHistogram\2.1.9\HdrHistogram-2.1.9.jar;E:\maven\repo\io\reactivex\rxnetty\0.4.9\rxnetty-0.4.9.jar;E:\maven\repo\com\netflix\ribbon\ribbon-core\2.3.0\ribbon-core-2.3.0.jar;E:\maven\repo\com\netflix\ribbon\ribbon-httpclient\2.3.0\ribbon-httpclient-2.3.0.jar;E:\maven\repo\commons-collections\commons-collections\3.2.2\commons-collections-3.2.2.jar;E:\maven\repo\com\netflix\netflix-commons\netflix-commons-util\0.3.0\netflix-commons-util-0.3.0.jar;E:\maven\repo\com\netflix\ribbon\ribbon-loadbalancer\2.3.0\ribbon-loadbalancer-2.3.0.jar;E:\maven\repo\com\netflix\netflix-commons\netflix-statistics\0.1.1\netflix-statistics-0.1.1.jar;E:\maven\repo\io\reactivex\rxjava\1.3.8\rxjava-1.3.8.jar;E:\maven\repo\org\springframework\cloud\spring-cloud-starter-loadbalancer\2.2.0.RC1\spring-cloud-starter-loadbalancer-2.2.0.RC1.jar;E:\maven\repo\org\springframework\cloud\spring-cloud-loadbalancer\2.2.0.RC1\spring-cloud-loadbalancer-2.2.0.RC1.jar;E:\maven\repo\io\projectreactor\reactor-core\3.3.0.RELEASE\reactor-core-3.3.0.RELEASE.jar;E:\maven\repo\org\reactivestreams\reactive-streams\1.0.3\reactive-streams-1.0.3.jar;E:\maven\repo\io\projectreactor\addons\reactor-extra\3.3.0.RELEASE\reactor-extra-3.3.0.RELEASE.jar;E:\maven\repo\org\springframework\boot\spring-boot-starter-cache\2.2.0.RELEASE\spring-boot-starter-cache-2.2.0.RELEASE.jar;E:\maven\repo\org\springframework\spring-context-support\5.2.0.RELEASE\spring-context-support-5.2.0.RELEASE.jar;E:\maven\repo\com\netflix\ribbon\ribbon-eureka\2.3.0\ribbon-eureka-2.3.0.jar;E:\maven\repo\org\slf4j\slf4j-api\1.7.28\slf4j-api-1.7.28.jar;E:\maven\repo\com\thoughtworks\xstream\xstream\1.4.11.1\xstream-1.4.11.1.jar;E:\maven\repo\xmlpull\xmlpull\1.1.3.1\xmlpull-1.1.3.1.jar;E:\maven\repo\xpp3\xpp3_min\1.1.4c\xpp3_min-1.1.4c.jar;E:\maven\repo\mysql\mysql-connector-java\8.0.18\mysql-connector-java-8.0.18.jar;E:\maven\repo\org\springframework\boot\spring-boot-starter-test\2.2.0.RELEASE\spring-boot-starter-test-2.2.0.RELEASE.jar;E:\maven\repo\org\springframework\boot\spring-boot-test\2.2.0.RELEASE\spring-boot-test-2.2.0.RELEASE.jar;E:\maven\repo\org\springframework\boot\spring-boot-test-autoconfigure\2.2.0.RELEASE\spring-boot-test-autoconfigure-2.2.0.RELEASE.jar;E:\maven\repo\com\jayway\jsonpath\json-path\2.4.0\json-path-2.4.0.jar;E:\maven\repo\net\minidev\json-smart\2.3\json-smart-2.3.jar;E:\maven\repo\net\minidev\accessors-smart\1.2\accessors-smart-1.2.jar;E:\maven\repo\org\ow2\asm\asm\5.0.4\asm-5.0.4.jar;E:\maven\repo\jakarta\xml\bind\jakarta.xml.bind-api\2.3.2\jakarta.xml.bind-api-2.3.2.jar;E:\maven\repo\jakarta\activation\jakarta.activation-api\1.2.1\jakarta.activation-api-1.2.1.jar;E:\maven\repo\org\junit\jupiter\junit-jupiter\5.5.2\junit-jupiter-5.5.2.jar;E:\maven\repo\org\junit\jupiter\junit-jupiter-api\5.5.2\junit-jupiter-api-5.5.2.jar;E:\maven\repo\org\apiguardian\apiguardian-api\1.1.0\apiguardian-api-1.1.0.jar;E:\maven\repo\org\opentest4j\opentest4j\1.2.0\opentest4j-1.2.0.jar;E:\maven\repo\org\junit\platform\junit-platform-commons\1.5.2\junit-platform-commons-1.5.2.jar;E:\maven\repo\org\junit\jupiter\junit-jupiter-params\5.5.2\junit-jupiter-params-5.5.2.jar;E:\maven\repo\org\junit\jupiter\junit-jupiter-engine\5.5.2\junit-jupiter-engine-5.5.2.jar;E:\maven\repo\org\junit\platform\junit-platform-engine\1.5.2\junit-platform-engine-1.5.2.jar;E:\maven\repo\org\mockito\mockito-junit-jupiter\3.1.0\mockito-junit-jupiter-3.1.0.jar;E:\maven\repo\org\assertj\assertj-core\3.13.2\assertj-core-3.13.2.jar;E:\maven\repo\org\hamcrest\hamcrest\2.1\hamcrest-2.1.jar;E:\maven\repo\org\mockito\mockito-core\3.1.0\mockito-core-3.1.0.jar;E:\maven\repo\net\bytebuddy\byte-buddy\1.10.1\byte-buddy-1.10.1.jar;E:\maven\repo\net\bytebuddy\byte-buddy-agent\1.10.1\byte-buddy-agent-1.10.1.jar;E:\maven\repo\org\objenesis\objenesis\2.6\objenesis-2.6.jar;E:\maven\repo\org\skyscreamer\jsonassert\1.5.0\jsonassert-1.5.0.jar;E:\maven\repo\com\vaadin\external\google\android-json\0.0.20131108.vaadin1\android-json-0.0.20131108.vaadin1.jar;E:\maven\repo\org\springframework\spring-core\5.2.0.RELEASE\spring-core-5.2.0.RELEASE.jar;E:\maven\repo\org\springframework\spring-jcl\5.2.0.RELEASE\spring-jcl-5.2.0.RELEASE.jar;E:\maven\repo\org\springframework\spring-test\5.2.0.RELEASE\spring-test-5.2.0.RELEASE.jar;E:\maven\repo\org\xmlunit\xmlunit-core\2.6.3\xmlunit-core-2.6.3.jar;E:\JetBrains\workspaces\springcloud-zhh-feign\springcloud-service\target\springcloud-service-1.0-SNAPSHOT.jar;E:\JetBrains\workspaces\springcloud-zhh-feign\springcloud-common\target\springcloud-common-1.0-SNAPSHOT.jar;E:\maven\repo\org\projectlombok\lombok\1.18.10\lombok-1.18.10.jar;E:\maven\repo\org\springframework\cloud\spring-cloud-starter-openfeign\2.2.0.RC1\spring-cloud-starter-openfeign-2.2.0.RC1.jar;E:\maven\repo\org\springframework\cloud\spring-cloud-openfeign-core\2.2.0.RC1\spring-cloud-openfeign-core-2.2.0.RC1.jar;E:\maven\repo\io\github\openfeign\form\feign-form-spring\3.8.0\feign-form-spring-3.8.0.jar;E:\maven\repo\io\github\openfeign\form\feign-form\3.8.0\feign-form-3.8.0.jar;E:\maven\repo\commons-fileupload\commons-fileupload\1.4\commons-fileupload-1.4.jar;E:\maven\repo\commons-io\commons-io\2.2\commons-io-2.2.jar;E:\maven\repo\io\github\openfeign\feign-core\10.4.0\feign-core-10.4.0.jar;E:\maven\repo\io\github\openfeign\feign-slf4j\10.4.0\feign-slf4j-10.4.0.jar;E:\maven\repo\io\github\openfeign\feign-hystrix\10.4.0\feign-hystrix-10.4.0.jar;"/>
    <property name="sun.cpu.endian" value="little"/>
    <property name="user.home" value="C:\Users\Hasee"/>
    <property name="user.language" value="zh"/>
    <property name="java.specification.vendor" value="Oracle Corporation"/>
    <property name="java.home" value="E:\Java\jdk1.8.0_191\jre"/>
    <property name="basedir" value="E:\JetBrains\workspaces\springcloud-zhh-feign\springcloud-provider-feign"/>
    <property name="file.separator" value="\"/>
    <property name="line.separator" value="&#10;"/>
    <property name="idea.version2019.2.3" value="true"/>
    <property name="java.vm.specification.vendor" value="Oracle Corporation"/>
    <property name="java.specification.name" value="Java Platform API Specification"/>
    <property name="java.awt.graphicsenv" value="sun.awt.Win32GraphicsEnvironment"/>
    <property name="surefire.real.class.path" value="C:\Users\Hasee\AppData\Local\Temp\surefire3560398328570799877\surefirebooter773707851089020274.jar"/>
    <property name="sun.boot.class.path" value="E:\Java\jdk1.8.0_191\jre\lib\resources.jar;E:\Java\jdk1.8.0_191\jre\lib\rt.jar;E:\Java\jdk1.8.0_191\jre\lib\sunrsasign.jar;E:\Java\jdk1.8.0_191\jre\lib\jsse.jar;E:\Java\jdk1.8.0_191\jre\lib\jce.jar;E:\Java\jdk1.8.0_191\jre\lib\charsets.jar;E:\Java\jdk1.8.0_191\jre\lib\jfr.jar;E:\Java\jdk1.8.0_191\jre\classes"/>
    <property name="user.script" value=""/>
    <property name="sun.management.compiler" value="HotSpot 64-Bit Tiered Compilers"/>
    <property name="java.runtime.version" value="1.8.0_191-b12"/>
    <property name="user.name" value="Hasee"/>
    <property name="path.separator" value=";"/>
    <property name="os.version" value="10.0"/>
    <property name="java.endorsed.dirs" value="E:\Java\jdk1.8.0_191\jre\lib\endorsed"/>
    <property name="java.runtime.name" value="Java(TM) SE Runtime Environment"/>
    <property name="file.encoding" value="GBK"/>
    <property name="java.vm.name" value="Java HotSpot(TM) 64-Bit Server VM"/>
    <property name="localRepository" value="E:\maven\repo"/>
    <property name="java.vendor.url.bug" value="http://bugreport.sun.com/bugreport/"/>
    <property name="java.io.tmpdir" value="C:\Users\Hasee\AppData\Local\Temp\"/>
    <property name="java.version" value="1.8.0_191"/>
    <property name="user.dir" value="E:\JetBrains\workspaces\springcloud-zhh-feign\springcloud-provider-feign"/>
    <property name="os.arch" value="amd64"/>
    <property name="java.vm.specification.name" value="Java Virtual Machine Specification"/>
    <property name="java.awt.printerjob" value="sun.awt.windows.WPrinterJob"/>
    <property name="sun.os.patch.level" value=""/>
    <property name="java.library.path" value="E:\Java\jdk1.8.0_191\jre\bin;C:\WINDOWS\Sun\Java\bin;C:\WINDOWS\system32;C:\WINDOWS;E:\Java\jdk1.8.0_191\bin;C:\Program Files (x86)\Common Files\Oracle\Java\javapath;C:\ProgramData\Oracle\Java\javapath;C:\WINDOWS\system32;C:\WINDOWS;C:\WINDOWS\system32\wbem;C:\Program Files\NVIDIA Corporation\NVIDIA NvDLISR;E:\Java\jdk1.8.0_191\bin;E:\Java\jdk1.8.0_191\jre\bin;E:\maven\apache-maven-3.5.4\bin;E:\ELK\Nodejs\;E:\TortoiseSVN\bin;C:\WINDOWS\system32;C:\WINDOWS;C:\WINDOWS\System32\Wbem;C:\WINDOWS\System32\WindowsPowerShell\v1.0\;C:\WINDOWS\System32\OpenSSH\;E:\Program Files\erl10.2\bin;E:\Git\Git\cmd;C:\Users\Hasee\AppData\Local\Microsoft\WindowsApps;;D:\SSH;C:\Users\Hasee\AppData\Roaming\npm;."/>
    <property name="java.vm.info" value="mixed mode"/>
    <property name="java.vendor" value="Oracle Corporation"/>
    <property name="java.vm.version" value="25.191-b12"/>
    <property name="java.ext.dirs" value="E:\Java\jdk1.8.0_191\jre\lib\ext;C:\WINDOWS\Sun\Java\lib\ext"/>
    <property name="sun.io.unicode.encoding" value="UnicodeLittle"/>
    <property name="java.class.version" value="52.0"/>
  </properties>
  <testcase name="contextLoads" classname="com.jk.SpringcloudProviderFeignApplicationTests" time="0.332"/>
</testsuite>